{
  "Energy": {
    "iters": [
      0,
      1,
      2,
      3,
      4,
      5,
      6,
      7,
      8,
      9,
      10,
      11,
      12,
      13,
      14,
      15,
      16,
      17,
      18,
      19,
      20,
      21,
      22,
      23,
      24,
      25,
      26,
      27,
      28,
      29,
      30,
      31,
      32,
      33,
      34,
      35,
      36,
      37,
      38,
      39,
      40,
      41,
      42,
      43,
      44,
      45,
      46,
      47,
      48,
      49,
      50,
      51,
      52,
      53,
      54,
      55,
      56,
      57,
      58,
      59,
      60,
      61,
      62,
      63,
      64,
      65,
      66,
      67,
      68,
      69,
      70,
      71,
      72,
      73,
      74,
      75,
      76,
      77,
      78,
      79,
      80,
      81,
      82,
      83,
      84,
      85,
      86,
      87,
      88,
      89,
      90,
      91,
      92,
      93,
      94,
      95,
      96,
      97,
      98,
      99,
      100,
      101,
      102,
      103,
      104,
      105,
      106,
      107,
      108,
      109,
      110,
      111,
      112,
      113,
      114,
      115,
      116,
      117,
      118,
      119,
      120,
      121,
      122,
      123,
      124,
      125,
      126,
      127,
      128,
      129,
      130,
      131,
      132,
      133,
      134,
      135,
      136,
      137,
      138,
      139,
      140,
      141,
      142,
      143,
      144,
      145,
      146,
      147,
      148,
      149,
      150,
      151,
      152,
      153,
      154,
      155,
      156,
      157,
      158,
      159,
      160,
      161,
      162,
      163,
      164,
      165,
      166,
      167,
      168,
      169,
      170,
      171,
      172,
      173,
      174,
      175,
      176,
      177,
      178,
      179,
      180,
      181,
      182,
      183,
      184,
      185,
      186,
      187,
      188,
      189,
      190,
      191,
      192,
      193,
      194,
      195,
      196,
      197,
      198,
      199,
      200,
      201,
      202,
      203,
      204,
      205,
      206,
      207,
      208,
      209,
      210,
      211,
      212,
      213,
      214,
      215,
      216,
      217,
      218,
      219,
      220,
      221,
      222,
      223,
      224,
      225,
      226,
      227,
      228,
      229,
      230,
      231,
      232,
      233,
      234,
      235,
      236,
      237,
      238,
      239,
      240,
      241,
      242,
      243,
      244,
      245,
      246,
      247,
      248,
      249,
      250,
      251,
      252,
      253,
      254,
      255,
      256,
      257,
      258,
      259,
      260,
      261,
      262,
      263,
      264,
      265,
      266,
      267,
      268,
      269,
      270,
      271,
      272,
      273,
      274,
      275,
      276,
      277,
      278,
      279,
      280,
      281,
      282,
      283,
      284,
      285,
      286,
      287,
      288,
      289,
      290,
      291,
      292,
      293,
      294,
      295,
      296,
      297,
      298,
      299
    ],
    "Mean": {
      "real": [
        -0.4208043945252037,
        -0.42856323192726714,
        -0.4326539971796026,
        -0.44329501794247866,
        -0.4671525955606889,
        -0.47203833409754514,
        -0.4933085911481361,
        -0.510260211185348,
        -0.5220201143458237,
        -0.5357887975883877,
        -0.5589220279154099,
        -0.580756544539637,
        -0.5901562389733589,
        -0.6105546518797268,
        -0.6285847413018096,
        -0.6672410278196299,
        -0.6570850971332536,
        -0.6816305333054864,
        -0.7166829972300823,
        -0.7215212422953099,
        -0.748246938556582,
        -0.76274250070362,
        -0.7763442030428388,
        -0.7923789791971847,
        -0.8067097553322307,
        -0.8267590079743014,
        -0.8424386427966156,
        -0.8511095944153787,
        -0.8727383599768358,
        -0.8928250262496115,
        -0.8839384713381028,
        -0.8977491977309103,
        -0.9097554687751693,
        -0.9189650364107742,
        -0.9167903209873688,
        -0.9310198445959511,
        -0.9484902980810538,
        -0.940567434241435,
        -0.9484640823077212,
        -0.9557696480895718,
        -0.9523223753580766,
        -0.9564099166899447,
        -0.9628184335291299,
        -0.9694607377561606,
        -0.9671486326130598,
        -0.96773352364798,
        -0.9655186269136004,
        -0.9715268717808738,
        -0.9796304362946735,
        -0.9785874064726277,
        -0.9805588533913056,
        -0.9812835562589531,
        -0.9868760942436271,
        -0.9866752527363823,
        -0.9835664687370054,
        -0.9908641781373915,
        -0.9900246154406751,
        -0.9921871126973725,
        -0.9886032061092511,
        -0.9902927671586788,
        -0.9934019632802166,
        -0.9887967814408707,
        -0.994003602547361,
        -0.9917544758283335,
        -0.9913970934182645,
        -0.9960594337030723,
        -0.9992243334344201,
        -0.9971753559634743,
        -0.9966565015594463,
        -0.9977536814894937,
        -0.9999284512276503,
        -0.9986804825611513,
        -0.9998182816300337,
        -1.0003757584976334,
        -0.9994304519564842,
        -1.0005161397113775,
        -0.9984688477176087,
        -0.9993866591327775,
        -1.0006595797691638,
        -1.004330345531185,
        -1.0023480782104723,
        -1.0041255800374034,
        -1.004059291435885,
        -1.0064026027571535,
        -1.0012159101164377,
        -1.003958866985934,
        -1.0083491173033514,
        -1.0065160670786955,
        -1.0042926235547234,
        -1.0071484270737534,
        -1.005273004364701,
        -1.007967193116265,
        -1.0048288690875218,
        -1.007356084525291,
        -1.0067381702309532,
        -1.009816605629829,
        -1.0067073102218322,
        -1.008309213615095,
        -1.0095191875666698,
        -1.0084949725405354,
        -1.0088243652566355,
        -1.0060459696764255,
        -1.0090845530583732,
        -1.0078498512079617,
        -1.009521680843948,
        -1.0110956413690826,
        -1.0091674106603061,
        -1.0097136262080078,
        -1.0105473360679125,
        -1.0103416232493816,
        -1.012239338843953,
        -1.0110398349984797,
        -1.0072688920633264,
        -1.0112690474784343,
        -1.0096890150426203,
        -1.009926187229941,
        -1.0121812621546802,
        -1.0111138174261942,
        -1.0105459403589578,
        -1.0119002789533997,
        -1.0108481672620826,
        -1.0108234332233508,
        -1.011902939637685,
        -1.012715223764115,
        -1.0129963160383633,
        -1.011698847593251,
        -1.0129877791350395,
        -1.0110634962691494,
        -1.0124259783669363,
        -1.0118853803132455,
        -1.0113834773572044,
        -1.0105198503689103,
        -1.0118988288626098,
        -1.0119078124926426,
        -1.0132884319984525,
        -1.0127297516468294,
        -1.0116385642964398,
        -1.0127710284481959,
        -1.0130187500395242,
        -1.013285675391102,
        -1.013014524467671,
        -1.0129961476535356,
        -1.0130233170695637,
        -1.013010452584181,
        -1.0141053330724847,
        -1.0138328862340271,
        -1.0138244852125085,
        -1.0135631889408976,
        -1.0130055967297085,
        -1.0138158817353733,
        -1.0143780010754713,
        -1.0138285695773512,
        -1.0127392295603852,
        -1.0151981955278506,
        -1.0135496997435116,
        -1.013284248870923,
        -1.0138192208661825,
        -1.0141184481826788,
        -1.0135508198228258,
        -1.0143738920156282,
        -1.0140920768455168,
        -1.0140961213265658,
        -1.0138147480967716,
        -1.0135535890853957,
        -1.0143779945942997,
        -1.01518977296235,
        -1.0149204528267473,
        -1.0138273467997612,
        -1.01437951648379,
        -1.0143730178374655,
        -1.0146450093506445,
        -1.0151974914457222,
        -1.0146389804238363,
        -1.0143680572295022,
        -1.014651808503141,
        -1.014649600865554,
        -1.0151927751020253,
        -1.0141091783365521,
        -1.0149273140174395,
        -1.0149121274537802,
        -1.014920816445547,
        -1.014374191975629,
        -1.014928531468141,
        -1.0143539813186682,
        -1.0151979213916618,
        -1.0151882884834869,
        -1.0143858777268626,
        -1.0146304789076386,
        -1.014921252051797,
        -1.0154672323206124,
        -1.0146613778857212,
        -1.0149193194886268,
        -1.0154652865411276,
        -1.0143711618009494,
        -1.0152031355862188,
        -1.0149163489541437,
        -1.0149220365840768,
        -1.0154649389219221,
        -1.0143926806935826,
        -1.0149206274255929,
        -1.0149302677757321,
        -1.0146362203182706,
        -1.0152017929046855,
        -1.0151873292076812,
        -1.0146431856575777,
        -1.015189119458878,
        -1.0149260830165314,
        -1.015471972716167,
        -1.015195916479261,
        -1.0152121872381752,
        -1.014665990147559,
        -1.015190978112992,
        -1.0152003959469422,
        -1.015182113688427,
        -1.0154666020963443,
        -1.0149536466661215,
        -1.0149162999729482,
        -1.0151846089154846,
        -1.015472507308625,
        -1.0151828177071032,
        -1.0152002017455497,
        -1.0149134371682544,
        -1.0149101939590741,
        -1.0151912144779074,
        -1.0149078831232232,
        -1.01520565015104,
        -1.0154699800895977,
        -1.0154685559146028,
        -1.015205551977993,
        -1.0151990622506786,
        -1.0152126400949464,
        -1.0154608363533195,
        -1.0151925114403069,
        -1.0154722372765772,
        -1.014920422561709,
        -1.0149081142374292,
        -1.0154741809155237,
        -1.0149189981927722,
        -1.0154613314750451,
        -1.0152080688711382,
        -1.0152052820739148,
        -1.0154529270902963,
        -1.0152305319963326,
        -1.01492401412045,
        -1.0154730908171072,
        -1.0154741373276566,
        -1.015471693705774,
        -1.0154694277866554,
        -1.0154678378878579,
        -1.0151979762142607,
        -1.0154724198175524,
        -1.0149607517626102,
        -1.015211233860301,
        -1.0154654467264481,
        -1.0154760204628706,
        -1.015463580462319,
        -1.0151836876575622,
        -1.015475087424709,
        -1.015459554828877,
        -1.0154712735794655,
        -1.0151746997269755,
        -1.0154681838623183,
        -1.015465774005414,
        -1.0152010013409756,
        -1.0154687581709603,
        -1.0154737396291622,
        -1.0151940975353866,
        -1.0152007592091177,
        -1.0154794539702519,
        -1.015474366069322,
        -1.0151881178350393,
        -1.0154625843779779,
        -1.0151844393323963,
        -1.015465675562016,
        -1.0154814630298032,
        -1.0154588958330035,
        -1.015471282843411,
        -1.0154777984229642,
        -1.015466692412467,
        -1.0154699543214285,
        -1.0154716060075377,
        -1.0154798464229284,
        -1.0152070319298927,
        -1.0152032912293458,
        -1.0154660374592246,
        -1.0154732779559184,
        -1.0154690188815259,
        -1.0151844035155166,
        -1.0154763316278856,
        -1.0154752540237668,
        -1.015469272935887,
        -1.0154670938261656,
        -1.0154681597132222,
        -1.0154569878390542,
        -1.0154719737166351,
        -1.015471468840688,
        -1.0154697326654056,
        -1.015468218323091,
        -1.015469981801744,
        -1.0154651632412965
      ],
      "imag": [
        0.0,
        0.0,
        0.0,
        0.0,
        0.0,
        0.0,
        0.0,
        0.0,
        0.0,
        0.0,
        0.0,
        0.0,
        0.0,
        0.0,
        0.0,
        0.0,
        0.0,
        0.0,
        0.0,
        0.0,
        0.0,
        0.0,
        0.0,
        0.0,
        0.0,
        0.0,
        0.0,
        0.0,
        0.0,
        0.0,
        0.0,
        0.0,
        0.0,
        0.0,
        0.0,
        0.0,
        0.0,
        0.0,
        0.0,
        0.0,
        0.0,
        0.0,
        0.0,
        0.0,
        0.0,
        0.0,
        0.0,
        0.0,
        0.0,
        0.0,
        0.0,
        0.0,
        0.0,
        0.0,
        0.0,
        0.0,
        0.0,
        0.0,
        0.0,
        0.0,
        0.0,
        0.0,
        0.0,
        0.0,
        0.0,
        0.0,
        0.0,
        0.0,
        0.0,
        0.0,
        0.0,
        0.0,
        0.0,
        0.0,
        0.0,
        0.0,
        0.0,
        0.0,
        0.0,
        0.0,
        0.0,
        0.0,
        0.0,
        0.0,
        0.0,
        0.0,
        0.0,
        0.0,
        0.0,
        0.0,
        0.0,
        0.0,
        0.0,
        0.0,
        0.0,
        0.0,
        0.0,
        0.0,
        0.0,
        0.0,
        0.0,
        0.0,
        0.0,
        0.0,
        0.0,
        0.0,
        0.0,
        0.0,
        0.0,
        0.0,
        0.0,
        0.0,
        0.0,
        0.0,
        0.0,
        0.0,
        0.0,
        0.0,
        0.0,
        0.0,
        0.0,
        0.0,
        0.0,
        0.0,
        0.0,
        0.0,
        0.0,
        0.0,
        0.0,
        0.0,
        0.0,
        0.0,
        0.0,
        0.0,
        0.0,
        0.0,
        0.0,
        0.0,
        0.0,
        0.0,
        0.0,
        0.0,
        0.0,
        0.0,
        0.0,
        0.0,
        0.0,
        0.0,
        0.0,
        0.0,
        0.0,
        0.0,
        0.0,
        0.0,
        0.0,
        0.0,
        0.0,
        0.0,
        0.0,
        0.0,
        0.0,
        0.0,
        0.0,
        0.0,
        0.0,
        0.0,
        0.0,
        0.0,
        0.0,
        0.0,
        0.0,
        0.0,
        0.0,
        0.0,
        0.0,
        0.0,
        0.0,
        0.0,
        0.0,
        0.0,
        0.0,
        0.0,
        0.0,
        0.0,
        0.0,
        0.0,
        0.0,
        0.0,
        0.0,
        0.0,
        0.0,
        0.0,
        0.0,
        0.0,
        0.0,
        0.0,
        0.0,
        0.0,
        0.0,
        0.0,
        0.0,
        0.0,
        0.0,
        0.0,
        0.0,
        0.0,
        0.0,
        0.0,
        0.0,
        0.0,
        0.0,
        0.0,
        0.0,
        0.0,
        0.0,
        0.0,
        0.0,
        0.0,
        0.0,
        0.0,
        0.0,
        0.0,
        0.0,
        0.0,
        0.0,
        0.0,
        0.0,
        0.0,
        0.0,
        0.0,
        0.0,
        0.0,
        0.0,
        0.0,
        0.0,
        0.0,
        0.0,
        0.0,
        0.0,
        0.0,
        0.0,
        0.0,
        0.0,
        0.0,
        0.0,
        0.0,
        0.0,
        0.0,
        0.0,
        0.0,
        0.0,
        0.0,
        0.0,
        0.0,
        0.0,
        0.0,
        0.0,
        0.0,
        0.0,
        0.0,
        0.0,
        0.0,
        0.0,
        0.0,
        0.0,
        0.0,
        0.0,
        0.0,
        0.0,
        0.0,
        0.0,
        0.0,
        0.0,
        0.0,
        0.0,
        0.0,
        0.0,
        0.0,
        0.0,
        0.0,
        0.0,
        0.0,
        0.0,
        0.0,
        0.0,
        0.0,
        0.0,
        0.0,
        0.0,
        0.0,
        0.0,
        0.0,
        0.0,
        0.0,
        0.0,
        0.0,
        0.0,
        0.0,
        0.0,
        0.0
      ]
    }
  },
  "Energies": {
    "iters": [
      0,
      1,
      2,
      3,
      4,
      5,
      6,
      7,
      8,
      9,
      10,
      11,
      12,
      13,
      14,
      15,
      16,
      17,
      18,
      19,
      20,
      21,
      22,
      23,
      24,
      25,
      26,
      27,
      28,
      29,
      30,
      31,
      32,
      33,
      34,
      35,
      36,
      37,
      38,
      39,
      40,
      41,
      42,
      43,
      44,
      45,
      46,
      47,
      48,
      49,
      50,
      51,
      52,
      53,
      54,
      55,
      56,
      57,
      58,
      59,
      60,
      61,
      62,
      63,
      64,
      65,
      66,
      67,
      68,
      69,
      70,
      71,
      72,
      73,
      74,
      75,
      76,
      77,
      78,
      79,
      80,
      81,
      82,
      83,
      84,
      85,
      86,
      87,
      88,
      89,
      90,
      91,
      92,
      93,
      94,
      95,
      96,
      97,
      98,
      99,
      100,
      101,
      102,
      103,
      104,
      105,
      106,
      107,
      108,
      109,
      110,
      111,
      112,
      113,
      114,
      115,
      116,
      117,
      118,
      119,
      120,
      121,
      122,
      123,
      124,
      125,
      126,
      127,
      128,
      129,
      130,
      131,
      132,
      133,
      134,
      135,
      136,
      137,
      138,
      139,
      140,
      141,
      142,
      143,
      144,
      145,
      146,
      147,
      148,
      149,
      150,
      151,
      152,
      153,
      154,
      155,
      156,
      157,
      158,
      159,
      160,
      161,
      162,
      163,
      164,
      165,
      166,
      167,
      168,
      169,
      170,
      171,
      172,
      173,
      174,
      175,
      176,
      177,
      178,
      179,
      180,
      181,
      182,
      183,
      184,
      185,
      186,
      187,
      188,
      189,
      190,
      191,
      192,
      193,
      194,
      195,
      196,
      197,
      198,
      199,
      200,
      201,
      202,
      203,
      204,
      205,
      206,
      207,
      208,
      209,
      210,
      211,
      212,
      213,
      214,
      215,
      216,
      217,
      218,
      219,
      220,
      221,
      222,
      223,
      224,
      225,
      226,
      227,
      228,
      229,
      230,
      231,
      232,
      233,
      234,
      235,
      236,
      237,
      238,
      239,
      240,
      241,
      242,
      243,
      244,
      245,
      246,
      247,
      248,
      249,
      250,
      251,
      252,
      253,
      254,
      255,
      256,
      257,
      258,
      259,
      260,
      261,
      262,
      263,
      264,
      265,
      266,
      267,
      268,
      269,
      270,
      271,
      272,
      273,
      274,
      275,
      276,
      277,
      278,
      279,
      280,
      281,
      282,
      283,
      284,
      285,
      286,
      287,
      288,
      289,
      290,
      291,
      292,
      293,
      294,
      295,
      296,
      297,
      298,
      299
    ],
    "values": [
      [
        -0.4208043945252037,
        -0.3837420054472358
      ],
      [
        -0.42856323192726714,
        -0.39813164815022556
      ],
      [
        -0.4326539971796026,
        -0.40008810661096494
      ],
      [
        -0.44329501794247866,
        -0.39942432937820616
      ],
      [
        -0.4671525955606889,
        -0.4220819871323022
      ],
      [
        -0.47203833409754514,
        -0.4151400846558288
      ],
      [
        -0.4933085911481361,
        -0.43025205636362746
      ],
      [
        -0.510260211185348,
        -0.45683338620762953
      ],
      [
        -0.5220201143458237,
        -0.46049778586103673
      ],
      [
        -0.5357887975883877,
        -0.4772104564615195
      ],
      [
        -0.5589220279154099,
        -0.48698578655425256
      ],
      [
        -0.580756544539637,
        -0.507350369540677
      ],
      [
        -0.5901562389733589,
        -0.5086225922433207
      ],
      [
        -0.6105546518797268,
        -0.5266298242536708
      ],
      [
        -0.6285847413018096,
        -0.5577066437099545
      ],
      [
        -0.6672410278196299,
        -0.5694999898158741
      ],
      [
        -0.6570850971332536,
        -0.5902211023629439
      ],
      [
        -0.6816305333054864,
        -0.6031173357857278
      ],
      [
        -0.7166829972300823,
        -0.6267857495400111
      ],
      [
        -0.7215212422953099,
        -0.6297189922406999
      ],
      [
        -0.748246938556582,
        -0.654907504737661
      ],
      [
        -0.76274250070362,
        -0.6803109087795376
      ],
      [
        -0.7763442030428388,
        -0.6982661436648705
      ],
      [
        -0.7923789791971847,
        -0.7071881870651253
      ],
      [
        -0.8067097553322307,
        -0.7302760559390468
      ],
      [
        -0.8267590079743014,
        -0.7310343134139308
      ],
      [
        -0.8424386427966156,
        -0.7391304355216889
      ],
      [
        -0.8511095944153787,
        -0.7806227279899762
      ],
      [
        -0.8727383599768358,
        -0.7879789960150237
      ],
      [
        -0.8928250262496115,
        -0.8078524058859887
      ],
      [
        -0.8839384713381028,
        -0.8210766151812711
      ],
      [
        -0.8977491977309103,
        -0.8336344258056448
      ],
      [
        -0.9097554687751693,
        -0.843778522382384
      ],
      [
        -0.9189650364107742,
        -0.8529718555905477
      ],
      [
        -0.9167903209873688,
        -0.867341409509507
      ],
      [
        -0.9310198445959511,
        -0.8702046662339946
      ],
      [
        -0.9484902980810538,
        -0.8781486614238149
      ],
      [
        -0.940567434241435,
        -0.8853053903898137
      ],
      [
        -0.9484640823077212,
        -0.89597362792739
      ],
      [
        -0.9557696480895718,
        -0.9035597515521789
      ],
      [
        -0.9523223753580766,
        -0.9069104271392804
      ],
      [
        -0.9564099166899447,
        -0.9117689428232222
      ],
      [
        -0.9628184335291299,
        -0.9162352675260663
      ],
      [
        -0.9694607377561606,
        -0.9314775892741439
      ],
      [
        -0.9671486326130598,
        -0.9280897633551822
      ],
      [
        -0.96773352364798,
        -0.9395652315198467
      ],
      [
        -0.9655186269136004,
        -0.9384019754905042
      ],
      [
        -0.9715268717808738,
        -0.938564291645442
      ],
      [
        -0.9796304362946735,
        -0.94415263423646
      ],
      [
        -0.9785874064726277,
        -0.9472623610136663
      ],
      [
        -0.9805588533913056,
        -0.9587612975436062
      ],
      [
        -0.9812835562589531,
        -0.9637166338109302
      ],
      [
        -0.9868760942436271,
        -0.9555362649256882
      ],
      [
        -0.9866752527363823,
        -0.9620284413833085
      ],
      [
        -0.9835664687370054,
        -0.9622606615823257
      ],
      [
        -0.9908641781373915,
        -0.9604456160751932
      ],
      [
        -0.9900246154406751,
        -0.963791527246088
      ],
      [
        -0.9921871126973725,
        -0.96394152859764
      ],
      [
        -0.9886032061092511,
        -0.9632960503227891
      ],
      [
        -0.9902927671586788,
        -0.9688125891763356
      ],
      [
        -0.9934019632802166,
        -0.9710311629983899
      ],
      [
        -0.9887967814408707,
        -0.970446982703882
      ],
      [
        -0.994003602547361,
        -0.9722985498249932
      ],
      [
        -0.9917544758283335,
        -0.9761597733401335
      ],
      [
        -0.9913970934182645,
        -0.9725752617533397
      ],
      [
        -0.9960594337030723,
        -0.9803171518637694
      ],
      [
        -0.9992243334344201,
        -0.9743962698078741
      ],
      [
        -0.9971753559634743,
        -0.9779128791605983
      ],
      [
        -0.9966565015594463,
        -0.9769076796878102
      ],
      [
        -0.9977536814894937,
        -0.9735755036118715
      ],
      [
        -0.9999284512276503,
        -0.9772209045488236
      ],
      [
        -0.9986804825611513,
        -0.9797488878689435
      ],
      [
        -0.9998182816300337,
        -0.9840601092235431
      ],
      [
        -1.0003757584976334,
        -0.985980534086165
      ],
      [
        -0.9994304519564842,
        -0.9842954132874908
      ],
      [
        -1.0005161397113775,
        -0.9840558838253674
      ],
      [
        -0.9984688477176087,
        -0.9811980470495894
      ],
      [
        -0.9993866591327775,
        -0.983750367416536
      ],
      [
        -1.0006595797691638,
        -0.9851709970484739
      ],
      [
        -1.004330345531185,
        -0.9877964768211346
      ],
      [
        -1.0023480782104723,
        -0.9900271511617292
      ],
      [
        -1.0041255800374034,
        -0.9892099691634947
      ],
      [
        -1.004059291435885,
        -0.9877555534091397
      ],
      [
        -1.0064026027571535,
        -0.9897417698736424
      ],
      [
        -1.0012159101164377,
        -0.990691412059514
      ],
      [
        -1.003958866985934,
        -0.9893504918409827
      ],
      [
        -1.0083491173033514,
        -0.9913217473308442
      ],
      [
        -1.0065160670786955,
        -0.9958059712058759
      ],
      [
        -1.0042926235547234,
        -0.9918801124857468
      ],
      [
        -1.0071484270737534,
        -0.9925149094079248
      ],
      [
        -1.005273004364701,
        -0.9944241532266951
      ],
      [
        -1.007967193116265,
        -0.993703950478056
      ],
      [
        -1.0048288690875218,
        -0.9971894400813653
      ],
      [
        -1.007356084525291,
        -0.9989660124928439
      ],
      [
        -1.0067381702309532,
        -0.9929197823592969
      ],
      [
        -1.009816605629829,
        -0.9939630531879695
      ],
      [
        -1.0067073102218322,
        -0.9959622014972517
      ],
      [
        -1.008309213615095,
        -0.9963125709784125
      ],
      [
        -1.0095191875666698,
        -0.9948629825906703
      ],
      [
        -1.0084949725405354,
        -0.9935176605755192
      ],
      [
        -1.0088243652566355,
        -1.000456269675908
      ],
      [
        -1.0060459696764255,
        -0.9986554961086143
      ],
      [
        -1.0090845530583732,
        -0.99928781398371
      ],
      [
        -1.0078498512079617,
        -1.0000558107852562
      ],
      [
        -1.009521680843948,
        -1.000118272933632
      ],
      [
        -1.0110956413690826,
        -0.9986380729759102
      ],
      [
        -1.0091674106603061,
        -1.001242556443151
      ],
      [
        -1.0097136262080078,
        -1.000206974683657
      ],
      [
        -1.0105473360679125,
        -0.9997380570107849
      ],
      [
        -1.0103416232493816,
        -1.0029188171044934
      ],
      [
        -1.012239338843953,
        -1.002719144617445
      ],
      [
        -1.0110398349984797,
        -1.0036608800970759
      ],
      [
        -1.0072688920633264,
        -1.0049790412057291
      ],
      [
        -1.0112690474784343,
        -1.002041031777859
      ],
      [
        -1.0096890150426203,
        -1.0025084908810562
      ],
      [
        -1.009926187229941,
        -1.0023753098199404
      ],
      [
        -1.0121812621546802,
        -1.0032231928035573
      ],
      [
        -1.0111138174261942,
        -1.002305315995247
      ],
      [
        -1.0105459403589578,
        -1.0094526837905977
      ],
      [
        -1.0119002789533997,
        -1.0039681656353283
      ],
      [
        -1.0108481672620826,
        -1.0044505545470463
      ],
      [
        -1.0108234332233508,
        -1.0048590081196387
      ],
      [
        -1.011902939637685,
        -1.0072184283060803
      ],
      [
        -1.012715223764115,
        -1.0049985142279048
      ],
      [
        -1.0129963160383633,
        -1.0050893237296359
      ],
      [
        -1.011698847593251,
        -1.0047896073196982
      ],
      [
        -1.0129877791350395,
        -1.0081064769799646
      ],
      [
        -1.0110634962691494,
        -1.0034435329942866
      ],
      [
        -1.0124259783669363,
        -1.0083776037068777
      ],
      [
        -1.0118853803132455,
        -1.0086681901108392
      ],
      [
        -1.0113834773572044,
        -1.007009489453304
      ],
      [
        -1.0105198503689103,
        -1.0067264076438311
      ],
      [
        -1.0118988288626098,
        -1.0062033096565208
      ],
      [
        -1.0119078124926426,
        -1.0066825075841384
      ],
      [
        -1.0132884319984525,
        -1.0113528473375744
      ],
      [
        -1.0127297516468294,
        -1.0075030468902388
      ],
      [
        -1.0116385642964398,
        -1.011106062945426
      ],
      [
        -1.0127710284481959,
        -1.0099541807885137
      ],
      [
        -1.0130187500395242,
        -1.0072954558959522
      ],
      [
        -1.013285675391102,
        -1.0119113125476649
      ],
      [
        -1.013014524467671,
        -1.0074878089272628
      ],
      [
        -1.0129961476535356,
        -1.0105380500408712
      ],
      [
        -1.0130233170695637,
        -1.010280226581637
      ],
      [
        -1.013010452584181,
        -1.0110861973772154
      ],
      [
        -1.0141053330724847,
        -1.0083491167480712
      ],
      [
        -1.0138328862340271,
        -1.00889745906995
      ],
      [
        -1.0138244852125085,
        -1.0102619445880543
      ],
      [
        -1.0135631889408976,
        -1.0119014557154502
      ],
      [
        -1.0130055967297085,
        -1.01110725092629
      ],
      [
        -1.0138158817353733,
        -1.0122006823600924
      ],
      [
        -1.0143780010754713,
        -1.0086453661357815
      ],
      [
        -1.0138285695773512,
        -1.0124559747187964
      ],
      [
        -1.0127392295603852,
        -1.0114008513442176
      ],
      [
        -1.0151981955278506,
        -1.0124470671184473
      ],
      [
        -1.0135496997435116,
        -1.011360058099478
      ],
      [
        -1.013284248870923,
        -1.0110774745332523
      ],
      [
        -1.0138192208661825,
        -1.0102653471976117
      ],
      [
        -1.0141184481826788,
        -1.0100061049764208
      ],
      [
        -1.0135508198228258,
        -1.010808203415454
      ],
      [
        -1.0143738920156282,
        -1.0108131692104358
      ],
      [
        -1.0140920768455168,
        -1.0118955217178867
      ],
      [
        -1.0140961213265658,
        -1.0110985759584818
      ],
      [
        -1.0138147480967716,
        -1.013551477525262
      ],
      [
        -1.0135535890853957,
        -1.0124493033130253
      ],
      [
        -1.0143779945942997,
        -1.0108212773567653
      ],
      [
        -1.01518977296235,
        -1.0124620083286484
      ],
      [
        -1.0149204528267473,
        -1.0143747806573125
      ],
      [
        -1.0138273467997612,
        -1.013007116005038
      ],
      [
        -1.01437951648379,
        -1.0135405631516878
      ],
      [
        -1.0143730178374655,
        -1.0110940443951058
      ],
      [
        -1.0146450093506445,
        -1.0121930131861026
      ],
      [
        -1.0151974914457222,
        -1.0132781073563222
      ],
      [
        -1.0146389804238363,
        -1.012183826814531
      ],
      [
        -1.0143680572295022,
        -1.0132851859100274
      ],
      [
        -1.014651808503141,
        -1.0124504725488788
      ],
      [
        -1.014649600865554,
        -1.0132683756455787
      ],
      [
        -1.0151927751020253,
        -1.013572712976258
      ],
      [
        -1.0141091783365521,
        -1.0130097473677673
      ],
      [
        -1.0149273140174395,
        -1.0141073999163661
      ],
      [
        -1.0149121274537802,
        -1.012446163717347
      ],
      [
        -1.014920816445547,
        -1.0135560307446898
      ],
      [
        -1.014374191975629,
        -1.0132822102209977
      ],
      [
        -1.014928531468141,
        -1.0143905139910332
      ],
      [
        -1.0143539813186682,
        -1.0132719359273508
      ],
      [
        -1.0151979213916618,
        -1.0130083995113535
      ],
      [
        -1.0151882884834869,
        -1.012716091256865
      ],
      [
        -1.0143858777268626,
        -1.0138473573726385
      ],
      [
        -1.0146304789076386,
        -1.013828405179452
      ],
      [
        -1.014921252051797,
        -1.0141061694668443
      ],
      [
        -1.0154672323206124,
        -1.0146568166308838
      ],
      [
        -1.0146613778857212,
        -1.0140921711491553
      ],
      [
        -1.0149193194886268,
        -1.0135227658563157
      ],
      [
        -1.0154652865411276,
        -1.0124457599123802
      ],
      [
        -1.0143711618009494,
        -1.0138344068507645
      ],
      [
        -1.0152031355862188,
        -1.0127233309126629
      ],
      [
        -1.0149163489541437,
        -1.0141037025800725
      ],
      [
        -1.0149220365840768,
        -1.0135723189553927
      ],
      [
        -1.0154649389219221,
        -1.0143721841111544
      ],
      [
        -1.0143926806935826,
        -1.0138148997504075
      ],
      [
        -1.0149206274255929,
        -1.014651940838729
      ],
      [
        -1.0149302677757321,
        -1.014642849849123
      ],
      [
        -1.0146362203182706,
        -1.0138125586900497
      ],
      [
        -1.0152017929046855,
        -1.0151883889842717
      ],
      [
        -1.0151873292076812,
        -1.0146561833017376
      ],
      [
        -1.0146431856575777,
        -1.014634086640847
      ],
      [
        -1.015189119458878,
        -1.01463333110818
      ],
      [
        -1.0149260830165314,
        -1.0149117380473556
      ],
      [
        -1.015471972716167,
        -1.0146335472233523
      ],
      [
        -1.015195916479261,
        -1.0141168149690538
      ],
      [
        -1.0152121872381752,
        -1.0146225081757787
      ],
      [
        -1.014665990147559,
        -1.014391561653202
      ],
      [
        -1.015190978112992,
        -1.0146742001478604
      ],
      [
        -1.0152003959469422,
        -1.014118539530299
      ],
      [
        -1.015182113688427,
        -1.014614688110434
      ],
      [
        -1.0154666020963443,
        -1.015182738201534
      ],
      [
        -1.0149536466661215,
        -1.0143702172882063
      ],
      [
        -1.0149162999729482,
        -1.014621964832022
      ],
      [
        -1.0151846089154846,
        -1.014097467741995
      ],
      [
        -1.015472507308625,
        -1.0146186177305456
      ],
      [
        -1.0151828177071032,
        -1.0143511142395654
      ],
      [
        -1.0152002017455497,
        -1.0146129712877023
      ],
      [
        -1.0149134371682544,
        -1.0146284056319843
      ],
      [
        -1.0149101939590741,
        -1.014632386685451
      ],
      [
        -1.0151912144779074,
        -1.0146446495926162
      ],
      [
        -1.0149078831232232,
        -1.0146590741844037
      ],
      [
        -1.01520565015104,
        -1.0149440474951268
      ],
      [
        -1.0154699800895977,
        -1.0151961878797908
      ],
      [
        -1.0154685559146028,
        -1.0148854842598007
      ],
      [
        -1.015205551977993,
        -1.0151773491959557
      ],
      [
        -1.0151990622506786,
        -1.0146746042638382
      ],
      [
        -1.0152126400949464,
        -1.0148739307988135
      ],
      [
        -1.0154608363533195,
        -1.0143490385557867
      ],
      [
        -1.0151925114403069,
        -1.0151794712982862
      ],
      [
        -1.0154722372765772,
        -1.014954749934443
      ],
      [
        -1.014920422561709,
        -1.0149203830831768
      ],
      [
        -1.0149081142374292,
        -1.0144022021437455
      ],
      [
        -1.0154741809155237,
        -1.0148908836446577
      ],
      [
        -1.0149189981927722,
        -1.0149183061295235
      ],
      [
        -1.0154613314750451,
        -1.0154484113081144
      ],
      [
        -1.0152080688711382,
        -1.0151940391287944
      ],
      [
        -1.0152052820739148,
        -1.0146257820512923
      ],
      [
        -1.0154529270902963,
        -1.015191395663831
      ],
      [
        -1.0152305319963326,
        -1.0151993351359878
      ],
      [
        -1.01492401412045,
        -1.0143263416614627
      ],
      [
        -1.0154730908171072,
        -1.0154718097596098
      ],
      [
        -1.0154741373276566,
        -1.0149241281951236
      ],
      [
        -1.015471693705774,
        -1.0151967862205766
      ],
      [
        -1.0154694277866554,
        -1.015203200414555
      ],
      [
        -1.0154678378878579,
        -1.0143628069321815
      ],
      [
        -1.0151979762142607,
        -1.0151747085725273
      ],
      [
        -1.0154724198175524,
        -1.0148667611397442
      ],
      [
        -1.0149607517626102,
        -1.0148976041550766
      ],
      [
        -1.015211233860301,
        -1.0149277406150503
      ],
      [
        -1.0154654467264481,
        -1.0146626691943814
      ],
      [
        -1.0154760204628706,
        -1.0149052619858947
      ],
      [
        -1.015463580462319,
        -1.0151802501566132
      ],
      [
        -1.0151836876575622,
        -1.015173676114089
      ],
      [
        -1.015475087424709,
        -1.0154709580835009
      ],
      [
        -1.015459554828877,
        -1.0151833640690595
      ],
      [
        -1.0154712735794655,
        -1.0154687804980966
      ],
      [
        -1.0151746997269755,
        -1.0149214231688852
      ],
      [
        -1.0154681838623183,
        -1.0144075385375477
      ],
      [
        -1.015465774005414,
        -1.01487762062975
      ],
      [
        -1.0152010013409756,
        -1.0151894775712567
      ],
      [
        -1.0154687581709603,
        -1.015199777278396
      ],
      [
        -1.0154737396291622,
        -1.0151816595237557
      ],
      [
        -1.0151940975353866,
        -1.0146337154095633
      ],
      [
        -1.0152007592091177,
        -1.0148751610578022
      ],
      [
        -1.0154794539702519,
        -1.015185295998273
      ],
      [
        -1.015474366069322,
        -1.0149227461557129
      ],
      [
        -1.0151881178350393,
        -1.0148867025521908
      ],
      [
        -1.0154625843779779,
        -1.014676735506266
      ],
      [
        -1.0151844393323963,
        -1.014924720016037
      ],
      [
        -1.015465675562016,
        -1.0152073783795308
      ],
      [
        -1.0154814630298032,
        -1.015466898063582
      ],
      [
        -1.0154588958330035,
        -1.0149314319766767
      ],
      [
        -1.015471282843411,
        -1.0149592132726795
      ],
      [
        -1.0154777984229642,
        -1.0154724851379622
      ],
      [
        -1.015466692412467,
        -1.0154654884780367
      ],
      [
        -1.0154699543214285,
        -1.0154661823180886
      ],
      [
        -1.0154716060075377,
        -1.0151735002850844
      ],
      [
        -1.0154798464229284,
        -1.0154670158336903
      ],
      [
        -1.0152070319298927,
        -1.0151654209935181
      ],
      [
        -1.0152032912293458,
        -1.0151708380350064
      ],
      [
        -1.0154660374592246,
        -1.0152084526078005
      ],
      [
        -1.0154732779559184,
        -1.0151776856431785
      ],
      [
        -1.0154690188815259,
        -1.0152234999548029
      ],
      [
        -1.0151844035155166,
        -1.014903464233417
      ],
      [
        -1.0154763316278856,
        -1.0154705060142042
      ],
      [
        -1.0154752540237668,
        -1.0154705013795917
      ],
      [
        -1.015469272935887,
        -1.0152145487516766
      ],
      [
        -1.0154670938261656,
        -1.015466112769118
      ],
      [
        -1.0154681597132222,
        -1.0154608236953047
      ],
      [
        -1.0154569878390542,
        -1.0152068998179946
      ],
      [
        -1.0154719737166351,
        -1.0154617073593541
      ],
      [
        -1.015471468840688,
        -1.015206897114303
      ],
      [
        -1.0154697326654056,
        -1.0146117185264594
      ],
      [
        -1.015468218323091,
        -1.0154636248977424
      ],
      [
        -1.015469981801744,
        -1.0154675121738577
      ],
      [
        -1.0154651632412965,
        -1.0152184783836709
      ]
    ]
  },
  "H_matrix": {
    "iters": [
      0,
      1,
      2,
      3,
      4,
      5,
      6,
      7,
      8,
      9,
      10,
      11,
      12,
      13,
      14,
      15,
      16,
      17,
      18,
      19,
      20,
      21,
      22,
      23,
      24,
      25,
      26,
      27,
      28,
      29,
      30,
      31,
      32,
      33,
      34,
      35,
      36,
      37,
      38,
      39,
      40,
      41,
      42,
      43,
      44,
      45,
      46,
      47,
      48,
      49,
      50,
      51,
      52,
      53,
      54,
      55,
      56,
      57,
      58,
      59,
      60,
      61,
      62,
      63,
      64,
      65,
      66,
      67,
      68,
      69,
      70,
      71,
      72,
      73,
      74,
      75,
      76,
      77,
      78,
      79,
      80,
      81,
      82,
      83,
      84,
      85,
      86,
      87,
      88,
      89,
      90,
      91,
      92,
      93,
      94,
      95,
      96,
      97,
      98,
      99,
      100,
      101,
      102,
      103,
      104,
      105,
      106,
      107,
      108,
      109,
      110,
      111,
      112,
      113,
      114,
      115,
      116,
      117,
      118,
      119,
      120,
      121,
      122,
      123,
      124,
      125,
      126,
      127,
      128,
      129,
      130,
      131,
      132,
      133,
      134,
      135,
      136,
      137,
      138,
      139,
      140,
      141,
      142,
      143,
      144,
      145,
      146,
      147,
      148,
      149,
      150,
      151,
      152,
      153,
      154,
      155,
      156,
      157,
      158,
      159,
      160,
      161,
      162,
      163,
      164,
      165,
      166,
      167,
      168,
      169,
      170,
      171,
      172,
      173,
      174,
      175,
      176,
      177,
      178,
      179,
      180,
      181,
      182,
      183,
      184,
      185,
      186,
      187,
      188,
      189,
      190,
      191,
      192,
      193,
      194,
      195,
      196,
      197,
      198,
      199,
      200,
      201,
      202,
      203,
      204,
      205,
      206,
      207,
      208,
      209,
      210,
      211,
      212,
      213,
      214,
      215,
      216,
      217,
      218,
      219,
      220,
      221,
      222,
      223,
      224,
      225,
      226,
      227,
      228,
      229,
      230,
      231,
      232,
      233,
      234,
      235,
      236,
      237,
      238,
      239,
      240,
      241,
      242,
      243,
      244,
      245,
      246,
      247,
      248,
      249,
      250,
      251,
      252,
      253,
      254,
      255,
      256,
      257,
      258,
      259,
      260,
      261,
      262,
      263,
      264,
      265,
      266,
      267,
      268,
      269,
      270,
      271,
      272,
      273,
      274,
      275,
      276,
      277,
      278,
      279,
      280,
      281,
      282,
      283,
      284,
      285,
      286,
      287,
      288,
      289,
      290,
      291,
      292,
      293,
      294,
      295,
      296,
      297,
      298,
      299
    ],
    "values": [
      [
        [
          -0.4208043945252037,
          0.0
        ],
        [
          0.0,
          -0.3837420054472358
        ]
      ],
      [
        [
          -0.42856323192726714,
          0.0
        ],
        [
          0.0,
          -0.39813164815022556
        ]
      ],
      [
        [
          -0.4326539971796026,
          0.0
        ],
        [
          0.0,
          -0.40008810661096494
        ]
      ],
      [
        [
          -0.44329501794247866,
          0.0
        ],
        [
          0.0,
          -0.39942432937820616
        ]
      ],
      [
        [
          -0.4671525955606889,
          0.0
        ],
        [
          0.0,
          -0.4220819871323022
        ]
      ],
      [
        [
          -0.47203833409754514,
          0.0
        ],
        [
          0.0,
          -0.4151400846558288
        ]
      ],
      [
        [
          -0.4933085911481361,
          0.0
        ],
        [
          0.0,
          -0.43025205636362746
        ]
      ],
      [
        [
          -0.510260211185348,
          0.0
        ],
        [
          0.0,
          -0.45683338620762953
        ]
      ],
      [
        [
          -0.5220201143458237,
          0.0
        ],
        [
          0.0,
          -0.46049778586103673
        ]
      ],
      [
        [
          -0.5357887975883877,
          0.0
        ],
        [
          0.0,
          -0.4772104564615195
        ]
      ],
      [
        [
          -0.5589220279154099,
          0.0
        ],
        [
          0.0,
          -0.48698578655425256
        ]
      ],
      [
        [
          -0.580756544539637,
          0.0
        ],
        [
          0.0,
          -0.507350369540677
        ]
      ],
      [
        [
          -0.5901562389733589,
          0.0
        ],
        [
          0.0,
          -0.5086225922433207
        ]
      ],
      [
        [
          -0.6105546518797268,
          0.0
        ],
        [
          0.0,
          -0.5266298242536708
        ]
      ],
      [
        [
          -0.6285847413018096,
          0.0
        ],
        [
          0.0,
          -0.5577066437099545
        ]
      ],
      [
        [
          -0.6672410278196299,
          0.0
        ],
        [
          0.0,
          -0.5694999898158741
        ]
      ],
      [
        [
          -0.6570850971332536,
          0.0
        ],
        [
          0.0,
          -0.5902211023629439
        ]
      ],
      [
        [
          -0.6816305333054864,
          0.0
        ],
        [
          0.0,
          -0.6031173357857278
        ]
      ],
      [
        [
          -0.7166829972300823,
          0.0
        ],
        [
          0.0,
          -0.6267857495400111
        ]
      ],
      [
        [
          -0.7215212422953099,
          0.0
        ],
        [
          0.0,
          -0.6297189922406999
        ]
      ],
      [
        [
          -0.748246938556582,
          0.0
        ],
        [
          0.0,
          -0.654907504737661
        ]
      ],
      [
        [
          -0.76274250070362,
          0.0
        ],
        [
          0.0,
          -0.6803109087795376
        ]
      ],
      [
        [
          -0.7763442030428388,
          0.0
        ],
        [
          0.0,
          -0.6982661436648705
        ]
      ],
      [
        [
          -0.7923789791971847,
          0.0
        ],
        [
          0.0,
          -0.7071881870651253
        ]
      ],
      [
        [
          -0.8067097553322307,
          0.0
        ],
        [
          0.0,
          -0.7302760559390468
        ]
      ],
      [
        [
          -0.8267590079743014,
          0.0
        ],
        [
          0.0,
          -0.7310343134139308
        ]
      ],
      [
        [
          -0.8424386427966156,
          0.0
        ],
        [
          0.0,
          -0.7391304355216889
        ]
      ],
      [
        [
          -0.8511095944153787,
          0.0
        ],
        [
          0.0,
          -0.7806227279899762
        ]
      ],
      [
        [
          -0.8727383599768358,
          0.0
        ],
        [
          0.0,
          -0.7879789960150237
        ]
      ],
      [
        [
          -0.8928250262496115,
          0.0
        ],
        [
          0.0,
          -0.8078524058859887
        ]
      ],
      [
        [
          -0.8839384713381028,
          0.0
        ],
        [
          0.0,
          -0.8210766151812711
        ]
      ],
      [
        [
          -0.8977491977309103,
          0.0
        ],
        [
          0.0,
          -0.8336344258056448
        ]
      ],
      [
        [
          -0.9097554687751693,
          0.0
        ],
        [
          0.0,
          -0.843778522382384
        ]
      ],
      [
        [
          -0.9189650364107742,
          0.0
        ],
        [
          0.0,
          -0.8529718555905477
        ]
      ],
      [
        [
          -0.9167903209873688,
          0.0
        ],
        [
          0.0,
          -0.867341409509507
        ]
      ],
      [
        [
          -0.9310198445959511,
          0.0
        ],
        [
          0.0,
          -0.8702046662339946
        ]
      ],
      [
        [
          -0.9484902980810538,
          0.0
        ],
        [
          0.0,
          -0.8781486614238149
        ]
      ],
      [
        [
          -0.940567434241435,
          0.0
        ],
        [
          0.0,
          -0.8853053903898137
        ]
      ],
      [
        [
          -0.9484640823077212,
          0.0
        ],
        [
          0.0,
          -0.89597362792739
        ]
      ],
      [
        [
          -0.9557696480895718,
          0.0
        ],
        [
          0.0,
          -0.9035597515521789
        ]
      ],
      [
        [
          -0.9523223753580766,
          0.0
        ],
        [
          0.0,
          -0.9069104271392804
        ]
      ],
      [
        [
          -0.9564099166899447,
          0.0
        ],
        [
          0.0,
          -0.9117689428232222
        ]
      ],
      [
        [
          -0.9628184335291299,
          0.0
        ],
        [
          0.0,
          -0.9162352675260663
        ]
      ],
      [
        [
          -0.9694607377561606,
          0.0
        ],
        [
          0.0,
          -0.9314775892741439
        ]
      ],
      [
        [
          -0.9671486326130598,
          0.0
        ],
        [
          0.0,
          -0.9280897633551822
        ]
      ],
      [
        [
          -0.96773352364798,
          0.0
        ],
        [
          0.0,
          -0.9395652315198467
        ]
      ],
      [
        [
          -0.9655186269136004,
          0.0
        ],
        [
          0.0,
          -0.9384019754905042
        ]
      ],
      [
        [
          -0.9715268717808738,
          0.0
        ],
        [
          0.0,
          -0.938564291645442
        ]
      ],
      [
        [
          -0.9796304362946735,
          0.0
        ],
        [
          0.0,
          -0.94415263423646
        ]
      ],
      [
        [
          -0.9785874064726277,
          0.0
        ],
        [
          0.0,
          -0.9472623610136663
        ]
      ],
      [
        [
          -0.9805588533913056,
          0.0
        ],
        [
          0.0,
          -0.9587612975436062
        ]
      ],
      [
        [
          -0.9812835562589531,
          0.0
        ],
        [
          0.0,
          -0.9637166338109302
        ]
      ],
      [
        [
          -0.9868760942436271,
          0.0
        ],
        [
          0.0,
          -0.9555362649256882
        ]
      ],
      [
        [
          -0.9866752527363823,
          0.0
        ],
        [
          0.0,
          -0.9620284413833085
        ]
      ],
      [
        [
          -0.9835664687370054,
          0.0
        ],
        [
          0.0,
          -0.9622606615823257
        ]
      ],
      [
        [
          -0.9908641781373915,
          0.0
        ],
        [
          0.0,
          -0.9604456160751932
        ]
      ],
      [
        [
          -0.9900246154406751,
          0.0
        ],
        [
          0.0,
          -0.963791527246088
        ]
      ],
      [
        [
          -0.9921871126973725,
          0.0
        ],
        [
          0.0,
          -0.96394152859764
        ]
      ],
      [
        [
          -0.9886032061092511,
          0.0
        ],
        [
          0.0,
          -0.9632960503227891
        ]
      ],
      [
        [
          -0.9902927671586788,
          0.0
        ],
        [
          0.0,
          -0.9688125891763356
        ]
      ],
      [
        [
          -0.9934019632802166,
          0.0
        ],
        [
          0.0,
          -0.9710311629983899
        ]
      ],
      [
        [
          -0.9887967814408707,
          0.0
        ],
        [
          0.0,
          -0.970446982703882
        ]
      ],
      [
        [
          -0.994003602547361,
          0.0
        ],
        [
          0.0,
          -0.9722985498249932
        ]
      ],
      [
        [
          -0.9917544758283335,
          0.0
        ],
        [
          0.0,
          -0.9761597733401335
        ]
      ],
      [
        [
          -0.9913970934182645,
          0.0
        ],
        [
          0.0,
          -0.9725752617533397
        ]
      ],
      [
        [
          -0.9960594337030723,
          0.0
        ],
        [
          0.0,
          -0.9803171518637694
        ]
      ],
      [
        [
          -0.9992243334344201,
          0.0
        ],
        [
          0.0,
          -0.9743962698078741
        ]
      ],
      [
        [
          -0.9971753559634743,
          0.0
        ],
        [
          0.0,
          -0.9779128791605983
        ]
      ],
      [
        [
          -0.9966565015594463,
          0.0
        ],
        [
          0.0,
          -0.9769076796878102
        ]
      ],
      [
        [
          -0.9977536814894937,
          0.0
        ],
        [
          0.0,
          -0.9735755036118715
        ]
      ],
      [
        [
          -0.9999284512276503,
          0.0
        ],
        [
          0.0,
          -0.9772209045488236
        ]
      ],
      [
        [
          -0.9986804825611513,
          0.0
        ],
        [
          0.0,
          -0.9797488878689435
        ]
      ],
      [
        [
          -0.9998182816300337,
          0.0
        ],
        [
          0.0,
          -0.9840601092235431
        ]
      ],
      [
        [
          -1.0003757584976334,
          0.0
        ],
        [
          0.0,
          -0.985980534086165
        ]
      ],
      [
        [
          -0.9994304519564842,
          0.0
        ],
        [
          0.0,
          -0.9842954132874908
        ]
      ],
      [
        [
          -1.0005161397113775,
          0.0
        ],
        [
          0.0,
          -0.9840558838253674
        ]
      ],
      [
        [
          -0.9984688477176087,
          0.0
        ],
        [
          0.0,
          -0.9811980470495894
        ]
      ],
      [
        [
          -0.9993866591327775,
          0.0
        ],
        [
          0.0,
          -0.983750367416536
        ]
      ],
      [
        [
          -1.0006595797691638,
          0.0
        ],
        [
          0.0,
          -0.9851709970484739
        ]
      ],
      [
        [
          -1.004330345531185,
          0.0
        ],
        [
          0.0,
          -0.9877964768211346
        ]
      ],
      [
        [
          -1.0023480782104723,
          0.0
        ],
        [
          0.0,
          -0.9900271511617292
        ]
      ],
      [
        [
          -1.0041255800374034,
          0.0
        ],
        [
          0.0,
          -0.9892099691634947
        ]
      ],
      [
        [
          -1.004059291435885,
          0.0
        ],
        [
          0.0,
          -0.9877555534091397
        ]
      ],
      [
        [
          -1.0064026027571535,
          0.0
        ],
        [
          0.0,
          -0.9897417698736424
        ]
      ],
      [
        [
          -1.0012159101164377,
          0.0
        ],
        [
          0.0,
          -0.990691412059514
        ]
      ],
      [
        [
          -1.003958866985934,
          0.0
        ],
        [
          0.0,
          -0.9893504918409827
        ]
      ],
      [
        [
          -1.0083491173033514,
          0.0
        ],
        [
          0.0,
          -0.9913217473308442
        ]
      ],
      [
        [
          -1.0065160670786955,
          0.0
        ],
        [
          0.0,
          -0.9958059712058759
        ]
      ],
      [
        [
          -1.0042926235547234,
          0.0
        ],
        [
          0.0,
          -0.9918801124857468
        ]
      ],
      [
        [
          -1.0071484270737534,
          0.0
        ],
        [
          0.0,
          -0.9925149094079248
        ]
      ],
      [
        [
          -1.005273004364701,
          0.0
        ],
        [
          0.0,
          -0.9944241532266951
        ]
      ],
      [
        [
          -1.007967193116265,
          0.0
        ],
        [
          0.0,
          -0.993703950478056
        ]
      ],
      [
        [
          -1.0048288690875218,
          0.0
        ],
        [
          0.0,
          -0.9971894400813653
        ]
      ],
      [
        [
          -1.007356084525291,
          0.0
        ],
        [
          0.0,
          -0.9989660124928439
        ]
      ],
      [
        [
          -1.0067381702309532,
          0.0
        ],
        [
          0.0,
          -0.9929197823592969
        ]
      ],
      [
        [
          -1.009816605629829,
          0.0
        ],
        [
          0.0,
          -0.9939630531879695
        ]
      ],
      [
        [
          -1.0067073102218322,
          0.0
        ],
        [
          0.0,
          -0.9959622014972517
        ]
      ],
      [
        [
          -1.008309213615095,
          0.0
        ],
        [
          0.0,
          -0.9963125709784125
        ]
      ],
      [
        [
          -1.0095191875666698,
          0.0
        ],
        [
          0.0,
          -0.9948629825906703
        ]
      ],
      [
        [
          -1.0084949725405354,
          0.0
        ],
        [
          0.0,
          -0.9935176605755192
        ]
      ],
      [
        [
          -1.0088243652566355,
          0.0
        ],
        [
          0.0,
          -1.000456269675908
        ]
      ],
      [
        [
          -1.0060459696764255,
          0.0
        ],
        [
          0.0,
          -0.9986554961086143
        ]
      ],
      [
        [
          -1.0090845530583732,
          0.0
        ],
        [
          0.0,
          -0.99928781398371
        ]
      ],
      [
        [
          -1.0078498512079617,
          0.0
        ],
        [
          0.0,
          -1.0000558107852562
        ]
      ],
      [
        [
          -1.009521680843948,
          0.0
        ],
        [
          0.0,
          -1.000118272933632
        ]
      ],
      [
        [
          -1.0110956413690826,
          0.0
        ],
        [
          0.0,
          -0.9986380729759102
        ]
      ],
      [
        [
          -1.0091674106603061,
          0.0
        ],
        [
          0.0,
          -1.001242556443151
        ]
      ],
      [
        [
          -1.0097136262080078,
          0.0
        ],
        [
          0.0,
          -1.000206974683657
        ]
      ],
      [
        [
          -1.0105473360679125,
          0.0
        ],
        [
          0.0,
          -0.9997380570107849
        ]
      ],
      [
        [
          -1.0103416232493816,
          0.0
        ],
        [
          0.0,
          -1.0029188171044934
        ]
      ],
      [
        [
          -1.012239338843953,
          0.0
        ],
        [
          0.0,
          -1.002719144617445
        ]
      ],
      [
        [
          -1.0110398349984797,
          0.0
        ],
        [
          0.0,
          -1.0036608800970759
        ]
      ],
      [
        [
          -1.0072688920633264,
          0.0
        ],
        [
          0.0,
          -1.0049790412057291
        ]
      ],
      [
        [
          -1.0112690474784343,
          0.0
        ],
        [
          0.0,
          -1.002041031777859
        ]
      ],
      [
        [
          -1.0096890150426203,
          0.0
        ],
        [
          0.0,
          -1.0025084908810562
        ]
      ],
      [
        [
          -1.009926187229941,
          0.0
        ],
        [
          0.0,
          -1.0023753098199404
        ]
      ],
      [
        [
          -1.0121812621546802,
          0.0
        ],
        [
          0.0,
          -1.0032231928035573
        ]
      ],
      [
        [
          -1.0111138174261942,
          0.0
        ],
        [
          0.0,
          -1.002305315995247
        ]
      ],
      [
        [
          -1.0105459403589578,
          0.0
        ],
        [
          0.0,
          -1.0094526837905977
        ]
      ],
      [
        [
          -1.0119002789533997,
          0.0
        ],
        [
          0.0,
          -1.0039681656353283
        ]
      ],
      [
        [
          -1.0108481672620826,
          0.0
        ],
        [
          0.0,
          -1.0044505545470463
        ]
      ],
      [
        [
          -1.0108234332233508,
          0.0
        ],
        [
          0.0,
          -1.0048590081196387
        ]
      ],
      [
        [
          -1.011902939637685,
          0.0
        ],
        [
          0.0,
          -1.0072184283060803
        ]
      ],
      [
        [
          -1.012715223764115,
          0.0
        ],
        [
          0.0,
          -1.0049985142279048
        ]
      ],
      [
        [
          -1.0129963160383633,
          0.0
        ],
        [
          0.0,
          -1.0050893237296359
        ]
      ],
      [
        [
          -1.011698847593251,
          0.0
        ],
        [
          0.0,
          -1.0047896073196982
        ]
      ],
      [
        [
          -1.0129877791350395,
          0.0
        ],
        [
          0.0,
          -1.0081064769799646
        ]
      ],
      [
        [
          -1.0110634962691494,
          0.0
        ],
        [
          0.0,
          -1.0034435329942866
        ]
      ],
      [
        [
          -1.0124259783669363,
          0.0
        ],
        [
          0.0,
          -1.0083776037068777
        ]
      ],
      [
        [
          -1.0118853803132455,
          0.0
        ],
        [
          0.0,
          -1.0086681901108392
        ]
      ],
      [
        [
          -1.0113834773572044,
          0.0
        ],
        [
          0.0,
          -1.007009489453304
        ]
      ],
      [
        [
          -1.0105198503689103,
          0.0
        ],
        [
          0.0,
          -1.0067264076438311
        ]
      ],
      [
        [
          -1.0118988288626098,
          0.0
        ],
        [
          0.0,
          -1.0062033096565208
        ]
      ],
      [
        [
          -1.0119078124926426,
          0.0
        ],
        [
          0.0,
          -1.0066825075841384
        ]
      ],
      [
        [
          -1.0132884319984525,
          0.0
        ],
        [
          0.0,
          -1.0113528473375744
        ]
      ],
      [
        [
          -1.0127297516468294,
          0.0
        ],
        [
          0.0,
          -1.0075030468902388
        ]
      ],
      [
        [
          -1.0116385642964398,
          0.0
        ],
        [
          0.0,
          -1.011106062945426
        ]
      ],
      [
        [
          -1.0127710284481959,
          0.0
        ],
        [
          0.0,
          -1.0099541807885137
        ]
      ],
      [
        [
          -1.0130187500395242,
          0.0
        ],
        [
          0.0,
          -1.0072954558959522
        ]
      ],
      [
        [
          -1.013285675391102,
          0.0
        ],
        [
          0.0,
          -1.0119113125476649
        ]
      ],
      [
        [
          -1.013014524467671,
          0.0
        ],
        [
          0.0,
          -1.0074878089272628
        ]
      ],
      [
        [
          -1.0129961476535356,
          0.0
        ],
        [
          0.0,
          -1.0105380500408712
        ]
      ],
      [
        [
          -1.0130233170695637,
          0.0
        ],
        [
          0.0,
          -1.010280226581637
        ]
      ],
      [
        [
          -1.013010452584181,
          0.0
        ],
        [
          0.0,
          -1.0110861973772154
        ]
      ],
      [
        [
          -1.0141053330724847,
          0.0
        ],
        [
          0.0,
          -1.0083491167480712
        ]
      ],
      [
        [
          -1.0138328862340271,
          0.0
        ],
        [
          0.0,
          -1.00889745906995
        ]
      ],
      [
        [
          -1.0138244852125085,
          0.0
        ],
        [
          0.0,
          -1.0102619445880543
        ]
      ],
      [
        [
          -1.0135631889408976,
          0.0
        ],
        [
          0.0,
          -1.0119014557154502
        ]
      ],
      [
        [
          -1.0130055967297085,
          0.0
        ],
        [
          0.0,
          -1.01110725092629
        ]
      ],
      [
        [
          -1.0138158817353733,
          0.0
        ],
        [
          0.0,
          -1.0122006823600924
        ]
      ],
      [
        [
          -1.0143780010754713,
          0.0
        ],
        [
          0.0,
          -1.0086453661357815
        ]
      ],
      [
        [
          -1.0138285695773512,
          0.0
        ],
        [
          0.0,
          -1.0124559747187964
        ]
      ],
      [
        [
          -1.0127392295603852,
          0.0
        ],
        [
          0.0,
          -1.0114008513442176
        ]
      ],
      [
        [
          -1.0151981955278506,
          0.0
        ],
        [
          0.0,
          -1.0124470671184473
        ]
      ],
      [
        [
          -1.0135496997435116,
          0.0
        ],
        [
          0.0,
          -1.011360058099478
        ]
      ],
      [
        [
          -1.013284248870923,
          0.0
        ],
        [
          0.0,
          -1.0110774745332523
        ]
      ],
      [
        [
          -1.0138192208661825,
          0.0
        ],
        [
          0.0,
          -1.0102653471976117
        ]
      ],
      [
        [
          -1.0141184481826788,
          0.0
        ],
        [
          0.0,
          -1.0100061049764208
        ]
      ],
      [
        [
          -1.0135508198228258,
          0.0
        ],
        [
          0.0,
          -1.010808203415454
        ]
      ],
      [
        [
          -1.0143738920156282,
          0.0
        ],
        [
          0.0,
          -1.0108131692104358
        ]
      ],
      [
        [
          -1.0140920768455168,
          0.0
        ],
        [
          0.0,
          -1.0118955217178867
        ]
      ],
      [
        [
          -1.0140961213265658,
          0.0
        ],
        [
          0.0,
          -1.0110985759584818
        ]
      ],
      [
        [
          -1.013551477525262,
          0.0
        ],
        [
          0.0,
          -1.0138147480967716
        ]
      ],
      [
        [
          -1.0135535890853957,
          0.0
        ],
        [
          0.0,
          -1.0124493033130253
        ]
      ],
      [
        [
          -1.0143779945942997,
          0.0
        ],
        [
          0.0,
          -1.0108212773567653
        ]
      ],
      [
        [
          -1.01518977296235,
          0.0
        ],
        [
          0.0,
          -1.0124620083286484
        ]
      ],
      [
        [
          -1.0149204528267473,
          0.0
        ],
        [
          0.0,
          -1.0143747806573125
        ]
      ],
      [
        [
          -1.0138273467997612,
          0.0
        ],
        [
          0.0,
          -1.013007116005038
        ]
      ],
      [
        [
          -1.01437951648379,
          0.0
        ],
        [
          0.0,
          -1.0135405631516878
        ]
      ],
      [
        [
          -1.0143730178374655,
          0.0
        ],
        [
          0.0,
          -1.0110940443951058
        ]
      ],
      [
        [
          -1.0146450093506445,
          0.0
        ],
        [
          0.0,
          -1.0121930131861026
        ]
      ],
      [
        [
          -1.0151974914457222,
          0.0
        ],
        [
          0.0,
          -1.0132781073563222
        ]
      ],
      [
        [
          -1.0146389804238363,
          0.0
        ],
        [
          0.0,
          -1.012183826814531
        ]
      ],
      [
        [
          -1.0143680572295022,
          0.0
        ],
        [
          0.0,
          -1.0132851859100274
        ]
      ],
      [
        [
          -1.014651808503141,
          0.0
        ],
        [
          0.0,
          -1.0124504725488788
        ]
      ],
      [
        [
          -1.014649600865554,
          0.0
        ],
        [
          0.0,
          -1.0132683756455787
        ]
      ],
      [
        [
          -1.0151927751020253,
          0.0
        ],
        [
          0.0,
          -1.013572712976258
        ]
      ],
      [
        [
          -1.0141091783365521,
          0.0
        ],
        [
          0.0,
          -1.0130097473677673
        ]
      ],
      [
        [
          -1.0149273140174395,
          0.0
        ],
        [
          0.0,
          -1.0141073999163661
        ]
      ],
      [
        [
          -1.0149121274537802,
          0.0
        ],
        [
          0.0,
          -1.012446163717347
        ]
      ],
      [
        [
          -1.014920816445547,
          0.0
        ],
        [
          0.0,
          -1.0135560307446898
        ]
      ],
      [
        [
          -1.014374191975629,
          0.0
        ],
        [
          0.0,
          -1.0132822102209977
        ]
      ],
      [
        [
          -1.014928531468141,
          0.0
        ],
        [
          0.0,
          -1.0143905139910332
        ]
      ],
      [
        [
          -1.0143539813186682,
          0.0
        ],
        [
          0.0,
          -1.0132719359273508
        ]
      ],
      [
        [
          -1.0151979213916618,
          0.0
        ],
        [
          0.0,
          -1.0130083995113535
        ]
      ],
      [
        [
          -1.0151882884834869,
          0.0
        ],
        [
          0.0,
          -1.012716091256865
        ]
      ],
      [
        [
          -1.0138473573726385,
          0.0
        ],
        [
          0.0,
          -1.0143858777268626
        ]
      ],
      [
        [
          -1.0146304789076386,
          0.0
        ],
        [
          0.0,
          -1.013828405179452
        ]
      ],
      [
        [
          -1.014921252051797,
          0.0
        ],
        [
          0.0,
          -1.0141061694668443
        ]
      ],
      [
        [
          -1.0154672323206124,
          0.0
        ],
        [
          0.0,
          -1.0146568166308838
        ]
      ],
      [
        [
          -1.0146613778857212,
          0.0
        ],
        [
          0.0,
          -1.0140921711491553
        ]
      ],
      [
        [
          -1.0149193194886268,
          0.0
        ],
        [
          0.0,
          -1.0135227658563157
        ]
      ],
      [
        [
          -1.0154652865411276,
          0.0
        ],
        [
          0.0,
          -1.0124457599123802
        ]
      ],
      [
        [
          -1.0143711618009494,
          0.0
        ],
        [
          0.0,
          -1.0138344068507645
        ]
      ],
      [
        [
          -1.0152031355862188,
          0.0
        ],
        [
          0.0,
          -1.0127233309126629
        ]
      ],
      [
        [
          -1.0149163489541437,
          0.0
        ],
        [
          0.0,
          -1.0141037025800725
        ]
      ],
      [
        [
          -1.0149220365840768,
          0.0
        ],
        [
          0.0,
          -1.0135723189553927
        ]
      ],
      [
        [
          -1.0154649389219221,
          0.0
        ],
        [
          0.0,
          -1.0143721841111544
        ]
      ],
      [
        [
          -1.0138148997504075,
          0.0
        ],
        [
          0.0,
          -1.0143926806935826
        ]
      ],
      [
        [
          -1.0149206274255929,
          0.0
        ],
        [
          0.0,
          -1.014651940838729
        ]
      ],
      [
        [
          -1.014642849849123,
          0.0
        ],
        [
          0.0,
          -1.0149302677757321
        ]
      ],
      [
        [
          -1.0146362203182706,
          0.0
        ],
        [
          0.0,
          -1.0138125586900497
        ]
      ],
      [
        [
          -1.0152017929046855,
          0.0
        ],
        [
          0.0,
          -1.0151883889842717
        ]
      ],
      [
        [
          -1.0151873292076812,
          0.0
        ],
        [
          0.0,
          -1.0146561833017376
        ]
      ],
      [
        [
          -1.014634086640847,
          0.0
        ],
        [
          0.0,
          -1.0146431856575777
        ]
      ],
      [
        [
          -1.015189119458878,
          0.0
        ],
        [
          0.0,
          -1.01463333110818
        ]
      ],
      [
        [
          -1.0149260830165314,
          0.0
        ],
        [
          0.0,
          -1.0149117380473556
        ]
      ],
      [
        [
          -1.015471972716167,
          0.0
        ],
        [
          0.0,
          -1.0146335472233523
        ]
      ],
      [
        [
          -1.015195916479261,
          0.0
        ],
        [
          0.0,
          -1.0141168149690538
        ]
      ],
      [
        [
          -1.0146225081757787,
          0.0
        ],
        [
          0.0,
          -1.0152121872381752
        ]
      ],
      [
        [
          -1.014665990147559,
          0.0
        ],
        [
          0.0,
          -1.014391561653202
        ]
      ],
      [
        [
          -1.015190978112992,
          0.0
        ],
        [
          0.0,
          -1.0146742001478604
        ]
      ],
      [
        [
          -1.0152003959469422,
          0.0
        ],
        [
          0.0,
          -1.014118539530299
        ]
      ],
      [
        [
          -1.015182113688427,
          0.0
        ],
        [
          0.0,
          -1.014614688110434
        ]
      ],
      [
        [
          -1.0154666020963443,
          0.0
        ],
        [
          0.0,
          -1.015182738201534
        ]
      ],
      [
        [
          -1.0143702172882063,
          0.0
        ],
        [
          0.0,
          -1.0149536466661215
        ]
      ],
      [
        [
          -1.0149162999729482,
          0.0
        ],
        [
          0.0,
          -1.014621964832022
        ]
      ],
      [
        [
          -1.0151846089154846,
          0.0
        ],
        [
          0.0,
          -1.014097467741995
        ]
      ],
      [
        [
          -1.015472507308625,
          0.0
        ],
        [
          0.0,
          -1.0146186177305456
        ]
      ],
      [
        [
          -1.0151828177071032,
          0.0
        ],
        [
          0.0,
          -1.0143511142395654
        ]
      ],
      [
        [
          -1.0152002017455497,
          0.0
        ],
        [
          0.0,
          -1.0146129712877023
        ]
      ],
      [
        [
          -1.0146284056319843,
          0.0
        ],
        [
          0.0,
          -1.0149134371682544
        ]
      ],
      [
        [
          -1.014632386685451,
          0.0
        ],
        [
          0.0,
          -1.0149101939590741
        ]
      ],
      [
        [
          -1.0151912144779074,
          0.0
        ],
        [
          0.0,
          -1.0146446495926162
        ]
      ],
      [
        [
          -1.0146590741844037,
          0.0
        ],
        [
          0.0,
          -1.0149078831232232
        ]
      ],
      [
        [
          -1.01520565015104,
          0.0
        ],
        [
          0.0,
          -1.0149440474951268
        ]
      ],
      [
        [
          -1.0151961878797908,
          0.0
        ],
        [
          0.0,
          -1.0154699800895977
        ]
      ],
      [
        [
          -1.0154685559146028,
          0.0
        ],
        [
          0.0,
          -1.0148854842598007
        ]
      ],
      [
        [
          -1.015205551977993,
          0.0
        ],
        [
          0.0,
          -1.0151773491959557
        ]
      ],
      [
        [
          -1.0151990622506786,
          0.0
        ],
        [
          0.0,
          -1.0146746042638382
        ]
      ],
      [
        [
          -1.0152126400949464,
          0.0
        ],
        [
          0.0,
          -1.0148739307988135
        ]
      ],
      [
        [
          -1.0154608363533195,
          0.0
        ],
        [
          0.0,
          -1.0143490385557867
        ]
      ],
      [
        [
          -1.0151925114403069,
          0.0
        ],
        [
          0.0,
          -1.0151794712982862
        ]
      ],
      [
        [
          -1.0154722372765772,
          0.0
        ],
        [
          0.0,
          -1.014954749934443
        ]
      ],
      [
        [
          -1.014920422561709,
          0.0
        ],
        [
          0.0,
          -1.0149203830831768
        ]
      ],
      [
        [
          -1.0149081142374292,
          0.0
        ],
        [
          0.0,
          -1.0144022021437455
        ]
      ],
      [
        [
          -1.0154741809155237,
          0.0
        ],
        [
          0.0,
          -1.0148908836446577
        ]
      ],
      [
        [
          -1.0149189981927722,
          0.0
        ],
        [
          0.0,
          -1.0149183061295235
        ]
      ],
      [
        [
          -1.0154484113081144,
          0.0
        ],
        [
          0.0,
          -1.0154613314750451
        ]
      ],
      [
        [
          -1.0151940391287944,
          0.0
        ],
        [
          0.0,
          -1.0152080688711382
        ]
      ],
      [
        [
          -1.0152052820739148,
          0.0
        ],
        [
          0.0,
          -1.0146257820512923
        ]
      ],
      [
        [
          -1.015191395663831,
          0.0
        ],
        [
          0.0,
          -1.0154529270902963
        ]
      ],
      [
        [
          -1.0151993351359878,
          0.0
        ],
        [
          0.0,
          -1.0152305319963326
        ]
      ],
      [
        [
          -1.01492401412045,
          0.0
        ],
        [
          0.0,
          -1.0143263416614627
        ]
      ],
      [
        [
          -1.0154730908171072,
          0.0
        ],
        [
          0.0,
          -1.0154718097596098
        ]
      ],
      [
        [
          -1.0154741373276566,
          0.0
        ],
        [
          0.0,
          -1.0149241281951236
        ]
      ],
      [
        [
          -1.0151967862205766,
          0.0
        ],
        [
          0.0,
          -1.015471693705774
        ]
      ],
      [
        [
          -1.015203200414555,
          0.0
        ],
        [
          0.0,
          -1.0154694277866554
        ]
      ],
      [
        [
          -1.0154678378878579,
          0.0
        ],
        [
          0.0,
          -1.0143628069321815
        ]
      ],
      [
        [
          -1.0151979762142607,
          0.0
        ],
        [
          0.0,
          -1.0151747085725273
        ]
      ],
      [
        [
          -1.0154724198175524,
          0.0
        ],
        [
          0.0,
          -1.0148667611397442
        ]
      ],
      [
        [
          -1.0148976041550766,
          0.0
        ],
        [
          0.0,
          -1.0149607517626102
        ]
      ],
      [
        [
          -1.015211233860301,
          0.0
        ],
        [
          0.0,
          -1.0149277406150503
        ]
      ],
      [
        [
          -1.0154654467264481,
          0.0
        ],
        [
          0.0,
          -1.0146626691943814
        ]
      ],
      [
        [
          -1.0154760204628706,
          0.0
        ],
        [
          0.0,
          -1.0149052619858947
        ]
      ],
      [
        [
          -1.0151802501566132,
          0.0
        ],
        [
          0.0,
          -1.015463580462319
        ]
      ],
      [
        [
          -1.0151836876575622,
          0.0
        ],
        [
          0.0,
          -1.015173676114089
        ]
      ],
      [
        [
          -1.015475087424709,
          0.0
        ],
        [
          0.0,
          -1.0154709580835009
        ]
      ],
      [
        [
          -1.015459554828877,
          0.0
        ],
        [
          0.0,
          -1.0151833640690595
        ]
      ],
      [
        [
          -1.0154712735794655,
          0.0
        ],
        [
          0.0,
          -1.0154687804980966
        ]
      ],
      [
        [
          -1.0151746997269755,
          0.0
        ],
        [
          0.0,
          -1.0149214231688852
        ]
      ],
      [
        [
          -1.0154681838623183,
          0.0
        ],
        [
          0.0,
          -1.0144075385375477
        ]
      ],
      [
        [
          -1.015465774005414,
          0.0
        ],
        [
          0.0,
          -1.01487762062975
        ]
      ],
      [
        [
          -1.0151894775712567,
          0.0
        ],
        [
          0.0,
          -1.0152010013409756
        ]
      ],
      [
        [
          -1.015199777278396,
          0.0
        ],
        [
          0.0,
          -1.0154687581709603
        ]
      ],
      [
        [
          -1.0154737396291622,
          0.0
        ],
        [
          0.0,
          -1.0151816595237557
        ]
      ],
      [
        [
          -1.0146337154095633,
          0.0
        ],
        [
          0.0,
          -1.0151940975353866
        ]
      ],
      [
        [
          -1.0152007592091177,
          0.0
        ],
        [
          0.0,
          -1.0148751610578022
        ]
      ],
      [
        [
          -1.015185295998273,
          0.0
        ],
        [
          0.0,
          -1.0154794539702519
        ]
      ],
      [
        [
          -1.015474366069322,
          0.0
        ],
        [
          0.0,
          -1.0149227461557129
        ]
      ],
      [
        [
          -1.0151881178350393,
          0.0
        ],
        [
          0.0,
          -1.0148867025521908
        ]
      ],
      [
        [
          -1.0154625843779779,
          0.0
        ],
        [
          0.0,
          -1.014676735506266
        ]
      ],
      [
        [
          -1.0151844393323963,
          0.0
        ],
        [
          0.0,
          -1.014924720016037
        ]
      ],
      [
        [
          -1.015465675562016,
          0.0
        ],
        [
          0.0,
          -1.0152073783795308
        ]
      ],
      [
        [
          -1.015466898063582,
          0.0
        ],
        [
          0.0,
          -1.0154814630298032
        ]
      ],
      [
        [
          -1.0154588958330035,
          0.0
        ],
        [
          0.0,
          -1.0149314319766767
        ]
      ],
      [
        [
          -1.015471282843411,
          0.0
        ],
        [
          0.0,
          -1.0149592132726795
        ]
      ],
      [
        [
          -1.0154724851379622,
          0.0
        ],
        [
          0.0,
          -1.0154777984229642
        ]
      ],
      [
        [
          -1.015466692412467,
          0.0
        ],
        [
          0.0,
          -1.0154654884780367
        ]
      ],
      [
        [
          -1.0154699543214285,
          0.0
        ],
        [
          0.0,
          -1.0154661823180886
        ]
      ],
      [
        [
          -1.0154716060075377,
          0.0
        ],
        [
          0.0,
          -1.0151735002850844
        ]
      ],
      [
        [
          -1.0154670158336903,
          0.0
        ],
        [
          0.0,
          -1.0154798464229284
        ]
      ],
      [
        [
          -1.0152070319298927,
          0.0
        ],
        [
          0.0,
          -1.0151654209935181
        ]
      ],
      [
        [
          -1.0152032912293458,
          0.0
        ],
        [
          0.0,
          -1.0151708380350064
        ]
      ],
      [
        [
          -1.0152084526078005,
          0.0
        ],
        [
          0.0,
          -1.0154660374592246
        ]
      ],
      [
        [
          -1.0154732779559184,
          0.0
        ],
        [
          0.0,
          -1.0151776856431785
        ]
      ],
      [
        [
          -1.0154690188815259,
          0.0
        ],
        [
          0.0,
          -1.0152234999548029
        ]
      ],
      [
        [
          -1.0151844035155166,
          0.0
        ],
        [
          0.0,
          -1.014903464233417
        ]
      ],
      [
        [
          -1.0154705060142042,
          0.0
        ],
        [
          0.0,
          -1.0154763316278856
        ]
      ],
      [
        [
          -1.0154705013795917,
          0.0
        ],
        [
          0.0,
          -1.0154752540237668
        ]
      ],
      [
        [
          -1.015469272935887,
          0.0
        ],
        [
          0.0,
          -1.0152145487516766
        ]
      ],
      [
        [
          -1.0154670938261656,
          0.0
        ],
        [
          0.0,
          -1.015466112769118
        ]
      ],
      [
        [
          -1.0154608236953047,
          0.0
        ],
        [
          0.0,
          -1.0154681597132222
        ]
      ],
      [
        [
          -1.0152068998179946,
          0.0
        ],
        [
          0.0,
          -1.0154569878390542
        ]
      ],
      [
        [
          -1.0154719737166351,
          0.0
        ],
        [
          0.0,
          -1.0154617073593541
        ]
      ],
      [
        [
          -1.015206897114303,
          0.0
        ],
        [
          0.0,
          -1.015471468840688
        ]
      ],
      [
        [
          -1.0154697326654056,
          0.0
        ],
        [
          0.0,
          -1.0146117185264594
        ]
      ],
      [
        [
          -1.015468218323091,
          0.0
        ],
        [
          0.0,
          -1.0154636248977424
        ]
      ],
      [
        [
          -1.0154675121738577,
          0.0
        ],
        [
          0.0,
          -1.015469981801744
        ]
      ],
      [
        [
          -1.0154651632412965,
          0.0
        ],
        [
          0.0,
          -1.0152184783836709
        ]
      ]
    ]
  }
}